2019-05-04 09:36:07 error: uncaughtException: Database configuration is not set properly.Please check your environment variables.
Error: Database configuration is not set properly.Please check your environment variables.
    at module.exports (/Volumes/Data/Projects/XpenseTracker/server/services/envValidatorService.js:9:11)
    at Object.<anonymous> (/Volumes/Data/Projects/XpenseTracker/index.js:6:1)
    at Module._compile (internal/modules/cjs/loader.js:688:30)
    at Object.Module._extensions..js (internal/modules/cjs/loader.js:699:10)
    at Module.load (internal/modules/cjs/loader.js:598:32)
    at tryModuleLoad (internal/modules/cjs/loader.js:537:12)
    at Function.Module._load (internal/modules/cjs/loader.js:529:3)
    at Function.Module.runMain (internal/modules/cjs/loader.js:741:12)
    at startup (internal/bootstrap/node.js:285:19)
    at bootstrapNodeJSCore (internal/bootstrap/node.js:739:3) : 
2019-05-04 09:39:05 error: uncaughtException: Database configuration is not set properly.Please check your environment variables.
Error: Database configuration is not set properly.Please check your environment variables.
    at module.exports (/Volumes/Data/Projects/XpenseTracker/server/services/envValidatorService.js:9:11)
    at Object.<anonymous> (/Volumes/Data/Projects/XpenseTracker/index.js:6:1)
    at Module._compile (internal/modules/cjs/loader.js:688:30)
    at Object.Module._extensions..js (internal/modules/cjs/loader.js:699:10)
    at Module.load (internal/modules/cjs/loader.js:598:32)
    at tryModuleLoad (internal/modules/cjs/loader.js:537:12)
    at Function.Module._load (internal/modules/cjs/loader.js:529:3)
    at Function.Module.runMain (internal/modules/cjs/loader.js:741:12)
    at startup (internal/bootstrap/node.js:285:19)
    at bootstrapNodeJSCore (internal/bootstrap/node.js:739:3) : 
2019-05-04 09:40:48 error: uncaughtException: Test Database configuration is not set properly.Please check your environment variables.
Error: Test Database configuration is not set properly.Please check your environment variables.
    at module.exports (/Volumes/Data/Projects/XpenseTracker/server/services/envValidatorService.js:13:11)
    at Object.<anonymous> (/Volumes/Data/Projects/XpenseTracker/index.js:6:1)
    at Module._compile (internal/modules/cjs/loader.js:688:30)
    at Object.Module._extensions..js (internal/modules/cjs/loader.js:699:10)
    at Module.load (internal/modules/cjs/loader.js:598:32)
    at tryModuleLoad (internal/modules/cjs/loader.js:537:12)
    at Function.Module._load (internal/modules/cjs/loader.js:529:3)
    at Function.Module.runMain (internal/modules/cjs/loader.js:741:12)
    at startup (internal/bootstrap/node.js:285:19)
    at bootstrapNodeJSCore (internal/bootstrap/node.js:739:3) : 
2019-05-04 09:41:25 error: uncaughtException: Test Database configuration is not set properly.Please check your environment variables.
Error: Test Database configuration is not set properly.Please check your environment variables.
    at module.exports (/Volumes/Data/Projects/XpenseTracker/server/services/envValidatorService.js:13:11)
    at Object.<anonymous> (/Volumes/Data/Projects/XpenseTracker/index.js:6:1)
    at Module._compile (internal/modules/cjs/loader.js:688:30)
    at Object.Module._extensions..js (internal/modules/cjs/loader.js:699:10)
    at Module.load (internal/modules/cjs/loader.js:598:32)
    at tryModuleLoad (internal/modules/cjs/loader.js:537:12)
    at Function.Module._load (internal/modules/cjs/loader.js:529:3)
    at Function.Module.runMain (internal/modules/cjs/loader.js:741:12)
    at startup (internal/bootstrap/node.js:285:19)
    at bootstrapNodeJSCore (internal/bootstrap/node.js:739:3) : 
2019-05-04 09:42:09 error: uncaughtException: Test Database configuration is not set properly.Please check your environment variables.
Error: Test Database configuration is not set properly.Please check your environment variables.
    at module.exports (/Volumes/Data/Projects/XpenseTracker/server/services/envValidatorService.js:13:11)
    at Object.<anonymous> (/Volumes/Data/Projects/XpenseTracker/index.js:6:1)
    at Module._compile (internal/modules/cjs/loader.js:688:30)
    at Object.Module._extensions..js (internal/modules/cjs/loader.js:699:10)
    at Module.load (internal/modules/cjs/loader.js:598:32)
    at tryModuleLoad (internal/modules/cjs/loader.js:537:12)
    at Function.Module._load (internal/modules/cjs/loader.js:529:3)
    at Function.Module.runMain (internal/modules/cjs/loader.js:741:12)
    at startup (internal/bootstrap/node.js:285:19)
    at bootstrapNodeJSCore (internal/bootstrap/node.js:739:3) : 
2019-05-04 09:42:43 error: uncaughtException: Test Database configuration is not set properly.Please check your environment variables.
Error: Test Database configuration is not set properly.Please check your environment variables.
    at module.exports (/Volumes/Data/Projects/XpenseTracker/server/services/envValidatorService.js:15:11)
    at Object.<anonymous> (/Volumes/Data/Projects/XpenseTracker/index.js:6:1)
    at Module._compile (internal/modules/cjs/loader.js:688:30)
    at Object.Module._extensions..js (internal/modules/cjs/loader.js:699:10)
    at Module.load (internal/modules/cjs/loader.js:598:32)
    at tryModuleLoad (internal/modules/cjs/loader.js:537:12)
    at Function.Module._load (internal/modules/cjs/loader.js:529:3)
    at Function.Module.runMain (internal/modules/cjs/loader.js:741:12)
    at startup (internal/bootstrap/node.js:285:19)
    at bootstrapNodeJSCore (internal/bootstrap/node.js:739:3) : 
2019-05-04 09:43:27 error: uncaughtException: Test Database configuration is not set properly.Please check your environment variables.
Error: Test Database configuration is not set properly.Please check your environment variables.
    at module.exports (/Volumes/Data/Projects/XpenseTracker/server/services/envValidatorService.js:18:11)
    at Object.<anonymous> (/Volumes/Data/Projects/XpenseTracker/index.js:6:1)
    at Module._compile (internal/modules/cjs/loader.js:688:30)
    at Object.Module._extensions..js (internal/modules/cjs/loader.js:699:10)
    at Module.load (internal/modules/cjs/loader.js:598:32)
    at tryModuleLoad (internal/modules/cjs/loader.js:537:12)
    at Function.Module._load (internal/modules/cjs/loader.js:529:3)
    at Function.Module.runMain (internal/modules/cjs/loader.js:741:12)
    at startup (internal/bootstrap/node.js:285:19)
    at bootstrapNodeJSCore (internal/bootstrap/node.js:739:3) : 
2019-05-04 09:47:14 error: uncaughtException: Configuration property "DB.port" is not defined
Error: Configuration property "DB.port" is not defined
    at Config.get (/Volumes/Data/Projects/XpenseTracker/node_modules/config/lib/config.js:203:11)
    at Object.<anonymous> (/Volumes/Data/Projects/XpenseTracker/server/services/db.js:16:47)
    at Module._compile (internal/modules/cjs/loader.js:688:30)
    at Object.Module._extensions..js (internal/modules/cjs/loader.js:699:10)
    at Module.load (internal/modules/cjs/loader.js:598:32)
    at tryModuleLoad (internal/modules/cjs/loader.js:537:12)
    at Function.Module._load (internal/modules/cjs/loader.js:529:3)
    at Module.require (internal/modules/cjs/loader.js:636:17)
    at require (internal/modules/cjs/helpers.js:20:18)
    at Object.<anonymous> (/Volumes/Data/Projects/XpenseTracker/index.js:7:1)
    at Module._compile (internal/modules/cjs/loader.js:688:30)
    at Object.Module._extensions..js (internal/modules/cjs/loader.js:699:10)
    at Module.load (internal/modules/cjs/loader.js:598:32)
    at tryModuleLoad (internal/modules/cjs/loader.js:537:12)
    at Function.Module._load (internal/modules/cjs/loader.js:529:3)
    at Function.Module.runMain (internal/modules/cjs/loader.js:741:12)  
